{
  message: 'database successfully connected here',
  level: 'info',
  label: 'CM-RASHEL',
  timestamp: '2023-06-26T06:00:38.151Z'
}
{
  message: 'Example app listening on port 5000',
  level: 'info',
  label: 'CM-RASHEL',
  timestamp: '2023-06-26T06:00:38.167Z'
}
{
  message: 'database successfully connected here',
  level: 'info',
  label: 'CM-RASHEL',
  timestamp: '2023-06-26T06:01:41.205Z'
}
{
  message: 'Example app listening on port 5000',
  level: 'info',
  label: 'CM-RASHEL',
  timestamp: '2023-06-26T06:01:41.222Z'
}
{
  message: 'database successfully connected here',
  level: 'info',
  label: 'CM-RASHEL',
  timestamp: '2023-06-26T06:11:22.400Z'
}
{
  message: 'Example app listening on port 5000',
  level: 'info',
  label: 'CM-RASHEL',
  timestamp: '2023-06-26T06:11:22.422Z'
}
{
  message: 'database successfully connected here',
  level: 'info',
  label: 'CM-RASHEL',
  timestamp: '2023-06-26T06:12:23.951Z'
}
{
  message: 'Example app listening on port 5000',
  level: 'info',
  label: 'CM-RASHEL',
  timestamp: '2023-06-26T06:12:23.976Z'
}
{
  message: 'database successfully connected here',
  level: 'info',
  label: 'CM-RASHEL',
  timestamp: '2023-06-26T06:13:49.422Z'
}
{
  message: 'Example app listening on port 5000',
  level: 'info',
  label: 'CM-RASHEL',
  timestamp: '2023-06-26T06:13:49.437Z'
}
{
  message: 'database successfully connected here',
  level: 'info',
  label: 'CM-RASHEL',
  timestamp: '2023-06-26T06:14:35.624Z'
}
{
  message: 'Example app listening on port 5000',
  level: 'info',
  label: 'CM-RASHEL',
  timestamp: '2023-06-26T06:14:35.641Z'
}
{
  message: 'database successfully connected here',
  level: 'info',
  label: 'CM-RASHEL',
  timestamp: '2023-06-26T06:23:47.184Z'
}
{
  message: 'Example app listening on port 5000',
  level: 'info',
  label: 'CM-RASHEL',
  timestamp: '2023-06-26T06:23:47.204Z'
}
{
  message: 'database successfully connected here',
  level: 'info',
  label: 'CM-RASHEL',
  timestamp: '2023-06-26T06:49:12.014Z'
}
{
  message: 'Example app listening on port 5000',
  level: 'info',
  label: 'CM-RASHEL',
  timestamp: '2023-06-26T06:49:12.040Z'
}
{
  message: 'database successfully connected here',
  level: 'info',
  label: 'CM-RASHEL',
  timestamp: '2023-06-26T06:49:36.359Z'
}
{
  message: 'Example app listening on port 5000',
  level: 'info',
  label: 'CM-RASHEL',
  timestamp: '2023-06-26T06:49:36.374Z'
}
{
  message: 'database successfully connected here',
  level: 'info',
  label: 'CM-RASHEL',
  timestamp: '2023-06-26T06:50:32.187Z'
}
{
  message: 'Example app listening on port 5000',
  level: 'info',
  label: 'CM-RASHEL',
  timestamp: '2023-06-26T06:50:32.205Z'
}
{
  message: 'database successfully connected here',
  level: 'info',
  label: 'CM-RASHEL',
  timestamp: '2023-06-26T06:51:25.143Z'
}
{
  message: 'Example app listening on port 5000',
  level: 'info',
  label: 'CM-RASHEL',
  timestamp: '2023-06-26T06:51:25.176Z'
}
{
  message: 'database successfully connected here',
  level: 'info',
  label: 'CM-RASHEL',
  timestamp: '2023-06-26T06:52:08.876Z'
}
{
  message: 'Example app listening on port 5000',
  level: 'info',
  label: 'CM-RASHEL',
  timestamp: '2023-06-26T06:52:08.897Z'
}
{
  message: 'database successfully connected here',
  level: 'info',
  label: 'CM-RASHEL',
  timestamp: '2023-06-26T06:52:50.008Z'
}
{
  message: 'Example app listening on port 5000',
  level: 'info',
  label: 'CM-RASHEL',
  timestamp: '2023-06-26T06:52:50.029Z'
}
{
  message: 'database successfully connected here',
  level: 'info',
  label: 'CM-RASHEL',
  timestamp: '2023-06-26T06:53:49.684Z'
}
{
  message: 'Example app listening on port 5000',
  level: 'info',
  label: 'CM-RASHEL',
  timestamp: '2023-06-26T06:53:49.705Z'
}
{
  message: 'database successfully connected here',
  level: 'info',
  label: 'CM-RASHEL',
  timestamp: '2023-06-26T06:56:12.555Z'
}
{
  message: 'Example app listening on port 5000',
  level: 'info',
  label: 'CM-RASHEL',
  timestamp: '2023-06-26T06:56:12.577Z'
}
