{
  message: 'database successfully connected here',
  level: 'info',
  label: 'CM-RASHEL',
  timestamp: '2023-06-26T04:01:46.943Z'
}
{
  message: 'Example app listening on port 5000',
  level: 'info',
  label: 'CM-RASHEL',
  timestamp: '2023-06-26T04:01:46.989Z'
}
{
  message: 'database successfully connected here',
  level: 'info',
  label: 'CM-RASHEL',
  timestamp: '2023-06-26T04:05:36.786Z'
}
{
  message: 'Example app listening on port 5000',
  level: 'info',
  label: 'CM-RASHEL',
  timestamp: '2023-06-26T04:05:36.815Z'
}
{
  message: 'database successfully connected here',
  level: 'info',
  label: 'CM-RASHEL',
  timestamp: '2023-06-26T04:36:04.878Z'
}
{
  message: 'Example app listening on port 5000',
  level: 'info',
  label: 'CM-RASHEL',
  timestamp: '2023-06-26T04:36:04.906Z'
}
{
  message: 'database successfully connected here',
  level: 'info',
  label: 'CM-RASHEL',
  timestamp: '2023-06-26T04:37:06.412Z'
}
{
  message: 'Example app listening on port 5000',
  level: 'info',
  label: 'CM-RASHEL',
  timestamp: '2023-06-26T04:37:06.435Z'
}
{
  message: 'database successfully connected here',
  level: 'info',
  label: 'CM-RASHEL',
  timestamp: '2023-06-26T04:37:37.673Z'
}
{
  message: 'Example app listening on port 5000',
  level: 'info',
  label: 'CM-RASHEL',
  timestamp: '2023-06-26T04:37:37.714Z'
}
{
  message: 'database successfully connected here',
  level: 'info',
  label: 'CM-RASHEL',
  timestamp: '2023-06-26T04:38:49.248Z'
}
{
  message: 'Example app listening on port 5000',
  level: 'info',
  label: 'CM-RASHEL',
  timestamp: '2023-06-26T04:38:49.276Z'
}
{
  message: 'database successfully connected here',
  level: 'info',
  label: 'CM-RASHEL',
  timestamp: '2023-06-26T04:38:59.677Z'
}
{
  message: 'Example app listening on port 5000',
  level: 'info',
  label: 'CM-RASHEL',
  timestamp: '2023-06-26T04:38:59.714Z'
}
{
  message: 'database successfully connected here',
  level: 'info',
  label: 'CM-RASHEL',
  timestamp: '2023-06-26T04:40:21.847Z'
}
{
  message: 'Example app listening on port 5000',
  level: 'info',
  label: 'CM-RASHEL',
  timestamp: '2023-06-26T04:40:21.912Z'
}
{
  message: 'database successfully connected here',
  level: 'info',
  label: 'CM-RASHEL',
  timestamp: '2023-06-26T04:49:03.759Z'
}
{
  message: 'Example app listening on port 5000',
  level: 'info',
  label: 'CM-RASHEL',
  timestamp: '2023-06-26T04:49:03.776Z'
}
{
  message: 'database successfully connected here',
  level: 'info',
  label: 'CM-RASHEL',
  timestamp: '2023-06-26T04:56:08.913Z'
}
{
  message: 'Example app listening on port 5000',
  level: 'info',
  label: 'CM-RASHEL',
  timestamp: '2023-06-26T04:56:08.937Z'
}
