{
  message: 'database successfully connected here',
  level: 'info',
  label: 'CM-RASHEL',
  timestamp: '2023-06-19T16:09:34.036Z'
}
{
  message: 'Example app listening on port 5000',
  level: 'info',
  label: 'CM-RASHEL',
  timestamp: '2023-06-19T16:09:34.081Z'
}
{
  message: 'database successfully connected here',
  level: 'info',
  label: 'CM-RASHEL',
  timestamp: '2023-06-19T16:11:00.091Z'
}
{
  message: 'Example app listening on port 5000',
  level: 'info',
  label: 'CM-RASHEL',
  timestamp: '2023-06-19T16:11:00.105Z'
}
{
  message: 'database successfully connected here',
  level: 'info',
  label: 'CM-RASHEL',
  timestamp: '2023-06-19T16:15:49.425Z'
}
{
  message: 'Example app listening on port 5000',
  level: 'info',
  label: 'CM-RASHEL',
  timestamp: '2023-06-19T16:15:49.446Z'
}
{
  message: 'database successfully connected here',
  level: 'info',
  label: 'CM-RASHEL',
  timestamp: '2023-06-19T16:17:18.996Z'
}
{
  message: 'Example app listening on port 5000',
  level: 'info',
  label: 'CM-RASHEL',
  timestamp: '2023-06-19T16:17:19.042Z'
}
{
  message: 'database successfully connected here',
  level: 'info',
  label: 'CM-RASHEL',
  timestamp: '2023-06-19T16:17:24.744Z'
}
{
  message: 'Example app listening on port 5000',
  level: 'info',
  label: 'CM-RASHEL',
  timestamp: '2023-06-19T16:17:24.778Z'
}
{
  message: 'database successfully connected here',
  level: 'info',
  label: 'CM-RASHEL',
  timestamp: '2023-06-19T16:19:44.921Z'
}
{
  message: 'Example app listening on port 5000',
  level: 'info',
  label: 'CM-RASHEL',
  timestamp: '2023-06-19T16:19:44.945Z'
}
{
  message: 'database successfully connected here',
  level: 'info',
  label: 'CM-RASHEL',
  timestamp: '2023-06-19T16:19:59.333Z'
}
{
  message: 'Example app listening on port 5000',
  level: 'info',
  label: 'CM-RASHEL',
  timestamp: '2023-06-19T16:19:59.351Z'
}
{
  message: 'database successfully connected here',
  level: 'info',
  label: 'CM-RASHEL',
  timestamp: '2023-06-19T16:20:27.775Z'
}
{
  message: 'Example app listening on port 5000',
  level: 'info',
  label: 'CM-RASHEL',
  timestamp: '2023-06-19T16:20:27.797Z'
}
{
  message: 'database successfully connected here',
  level: 'info',
  label: 'CM-RASHEL',
  timestamp: '2023-06-19T16:24:27.841Z'
}
{
  message: 'Example app listening on port 5000',
  level: 'info',
  label: 'CM-RASHEL',
  timestamp: '2023-06-19T16:24:27.867Z'
}
{
  message: 'database successfully connected here',
  level: 'info',
  label: 'CM-RASHEL',
  timestamp: '2023-06-19T16:24:55.945Z'
}
{
  message: 'Example app listening on port 5000',
  level: 'info',
  label: 'CM-RASHEL',
  timestamp: '2023-06-19T16:24:55.963Z'
}
{
  message: 'database successfully connected here',
  level: 'info',
  label: 'CM-RASHEL',
  timestamp: '2023-06-19T16:25:15.164Z'
}
{
  message: 'Example app listening on port 5000',
  level: 'info',
  label: 'CM-RASHEL',
  timestamp: '2023-06-19T16:25:15.199Z'
}
{
  message: 'database successfully connected here',
  level: 'info',
  label: 'CM-RASHEL',
  timestamp: '2023-06-19T16:27:10.998Z'
}
{
  message: 'Example app listening on port 5000',
  level: 'info',
  label: 'CM-RASHEL',
  timestamp: '2023-06-19T16:27:11.022Z'
}
{
  message: 'database successfully connected here',
  level: 'info',
  label: 'CM-RASHEL',
  timestamp: '2023-06-19T16:30:57.247Z'
}
{
  message: 'Example app listening on port 5000',
  level: 'info',
  label: 'CM-RASHEL',
  timestamp: '2023-06-19T16:30:57.277Z'
}
{
  message: 'database successfully connected here',
  level: 'info',
  label: 'CM-RASHEL',
  timestamp: '2023-06-19T16:32:33.888Z'
}
{
  message: 'Example app listening on port 5000',
  level: 'info',
  label: 'CM-RASHEL',
  timestamp: '2023-06-19T16:32:33.916Z'
}
{
  message: 'database successfully connected here',
  level: 'info',
  label: 'CM-RASHEL',
  timestamp: '2023-06-19T16:34:12.116Z'
}
{
  message: 'Example app listening on port 5000',
  level: 'info',
  label: 'CM-RASHEL',
  timestamp: '2023-06-19T16:34:12.132Z'
}
{
  message: 'database successfully connected here',
  level: 'info',
  label: 'CM-RASHEL',
  timestamp: '2023-06-19T16:34:31.313Z'
}
{
  message: 'Example app listening on port 5000',
  level: 'info',
  label: 'CM-RASHEL',
  timestamp: '2023-06-19T16:34:31.368Z'
}
{
  message: 'database successfully connected here',
  level: 'info',
  label: 'CM-RASHEL',
  timestamp: '2023-06-19T16:50:00.916Z'
}
{
  message: 'Example app listening on port 5000',
  level: 'info',
  label: 'CM-RASHEL',
  timestamp: '2023-06-19T16:50:00.975Z'
}
{
  message: 'database successfully connected here',
  level: 'info',
  label: 'CM-RASHEL',
  timestamp: '2023-06-19T16:50:08.925Z'
}
{
  message: 'Example app listening on port 5000',
  level: 'info',
  label: 'CM-RASHEL',
  timestamp: '2023-06-19T16:50:08.945Z'
}
{
  message: 'database successfully connected here',
  level: 'info',
  label: 'CM-RASHEL',
  timestamp: '2023-06-19T16:50:21.386Z'
}
{
  message: 'Example app listening on port 5000',
  level: 'info',
  label: 'CM-RASHEL',
  timestamp: '2023-06-19T16:50:21.413Z'
}
{
  message: 'database successfully connected here',
  level: 'info',
  label: 'CM-RASHEL',
  timestamp: '2023-06-19T16:51:06.837Z'
}
{
  message: 'Example app listening on port 5000',
  level: 'info',
  label: 'CM-RASHEL',
  timestamp: '2023-06-19T16:51:06.873Z'
}
{
  message: 'database successfully connected here',
  level: 'info',
  label: 'CM-RASHEL',
  timestamp: '2023-06-19T16:52:42.831Z'
}
{
  message: 'Example app listening on port 5000',
  level: 'info',
  label: 'CM-RASHEL',
  timestamp: '2023-06-19T16:52:42.866Z'
}
{
  message: 'database successfully connected here',
  level: 'info',
  label: 'CM-RASHEL',
  timestamp: '2023-06-19T16:53:17.689Z'
}
{
  message: 'Example app listening on port 5000',
  level: 'info',
  label: 'CM-RASHEL',
  timestamp: '2023-06-19T16:53:17.715Z'
}
{
  message: 'database successfully connected here',
  level: 'info',
  label: 'CM-RASHEL',
  timestamp: '2023-06-19T16:53:49.074Z'
}
{
  message: 'Example app listening on port 5000',
  level: 'info',
  label: 'CM-RASHEL',
  timestamp: '2023-06-19T16:53:49.099Z'
}
