{
  message: 'database successfully connected here',
  level: 'info',
  label: 'CM-RASHEL',
  timestamp: '2023-06-22T02:00:10.399Z'
}
{
  message: 'Example app listening on port 5000',
  level: 'info',
  label: 'CM-RASHEL',
  timestamp: '2023-06-22T02:00:10.447Z'
}
{
  message: 'database successfully connected here',
  level: 'info',
  label: 'CM-RASHEL',
  timestamp: '2023-06-22T02:02:18.723Z'
}
{
  message: 'Example app listening on port 5000',
  level: 'info',
  label: 'CM-RASHEL',
  timestamp: '2023-06-22T02:02:18.774Z'
}
{
  message: 'database successfully connected here',
  level: 'info',
  label: 'CM-RASHEL',
  timestamp: '2023-06-22T02:06:08.476Z'
}
{
  message: 'Example app listening on port 5000',
  level: 'info',
  label: 'CM-RASHEL',
  timestamp: '2023-06-22T02:06:08.524Z'
}
{
  message: 'database successfully connected here',
  level: 'info',
  label: 'CM-RASHEL',
  timestamp: '2023-06-22T02:13:36.364Z'
}
{
  message: 'Example app listening on port 5000',
  level: 'info',
  label: 'CM-RASHEL',
  timestamp: '2023-06-22T02:13:36.437Z'
}
{
  message: 'database successfully connected here',
  level: 'info',
  label: 'CM-RASHEL',
  timestamp: '2023-06-22T02:16:31.189Z'
}
{
  message: 'Example app listening on port 5000',
  level: 'info',
  label: 'CM-RASHEL',
  timestamp: '2023-06-22T02:16:31.227Z'
}
{
  message: 'database successfully connected here',
  level: 'info',
  label: 'CM-RASHEL',
  timestamp: '2023-06-22T02:17:11.205Z'
}
{
  message: 'Example app listening on port 5000',
  level: 'info',
  label: 'CM-RASHEL',
  timestamp: '2023-06-22T02:17:11.231Z'
}
{
  message: 'database successfully connected here',
  level: 'info',
  label: 'CM-RASHEL',
  timestamp: '2023-06-22T02:17:24.113Z'
}
{
  message: 'Example app listening on port 5000',
  level: 'info',
  label: 'CM-RASHEL',
  timestamp: '2023-06-22T02:17:24.160Z'
}
{
  message: 'database successfully connected here',
  level: 'info',
  label: 'CM-RASHEL',
  timestamp: '2023-06-22T02:18:38.239Z'
}
{
  message: 'Example app listening on port 5000',
  level: 'info',
  label: 'CM-RASHEL',
  timestamp: '2023-06-22T02:18:38.286Z'
}
{
  message: 'database successfully connected here',
  level: 'info',
  label: 'CM-RASHEL',
  timestamp: '2023-06-22T02:20:31.116Z'
}
{
  message: 'Example app listening on port 5000',
  level: 'info',
  label: 'CM-RASHEL',
  timestamp: '2023-06-22T02:20:31.169Z'
}
{
  message: 'database successfully connected here',
  level: 'info',
  label: 'CM-RASHEL',
  timestamp: '2023-06-22T02:20:51.354Z'
}
{
  message: 'Example app listening on port 5000',
  level: 'info',
  label: 'CM-RASHEL',
  timestamp: '2023-06-22T02:20:51.389Z'
}
{
  message: 'database successfully connected here',
  level: 'info',
  label: 'CM-RASHEL',
  timestamp: '2023-06-22T02:21:40.314Z'
}
{
  message: 'Example app listening on port 5000',
  level: 'info',
  label: 'CM-RASHEL',
  timestamp: '2023-06-22T02:21:40.355Z'
}
{
  message: 'database successfully connected here',
  level: 'info',
  label: 'CM-RASHEL',
  timestamp: '2023-06-22T02:22:39.408Z'
}
{
  message: 'Example app listening on port 5000',
  level: 'info',
  label: 'CM-RASHEL',
  timestamp: '2023-06-22T02:22:39.463Z'
}
{
  message: 'database successfully connected here',
  level: 'info',
  label: 'CM-RASHEL',
  timestamp: '2023-06-22T02:24:02.720Z'
}
{
  message: 'Example app listening on port 5000',
  level: 'info',
  label: 'CM-RASHEL',
  timestamp: '2023-06-22T02:24:02.760Z'
}
{
  message: 'database successfully connected here',
  level: 'info',
  label: 'CM-RASHEL',
  timestamp: '2023-06-22T02:24:47.836Z'
}
{
  message: 'Example app listening on port 5000',
  level: 'info',
  label: 'CM-RASHEL',
  timestamp: '2023-06-22T02:24:47.879Z'
}
{
  message: 'database successfully connected here',
  level: 'info',
  label: 'CM-RASHEL',
  timestamp: '2023-06-22T02:31:56.561Z'
}
{
  message: 'Example app listening on port 5000',
  level: 'info',
  label: 'CM-RASHEL',
  timestamp: '2023-06-22T02:31:56.632Z'
}
{
  message: 'database successfully connected here',
  level: 'info',
  label: 'CM-RASHEL',
  timestamp: '2023-06-22T02:47:36.153Z'
}
{
  message: 'Example app listening on port 5000',
  level: 'info',
  label: 'CM-RASHEL',
  timestamp: '2023-06-22T02:47:36.211Z'
}
{
  message: 'database successfully connected here',
  level: 'info',
  label: 'CM-RASHEL',
  timestamp: '2023-06-22T02:48:06.254Z'
}
{
  message: 'Example app listening on port 5000',
  level: 'info',
  label: 'CM-RASHEL',
  timestamp: '2023-06-22T02:48:06.317Z'
}
