{
  message: 'database successfully connected here',
  level: 'info',
  label: 'CM-RASHEL',
  timestamp: '2023-06-09T09:19:42.286Z'
}
{
  message: 'Example app listening on port 5000',
  level: 'info',
  label: 'CM-RASHEL',
  timestamp: '2023-06-09T09:19:42.308Z'
}
{
  message: 'database successfully connected here',
  level: 'info',
  label: 'CM-RASHEL',
  timestamp: '2023-06-09T09:22:27.814Z'
}
{
  message: 'Example app listening on port 5000',
  level: 'info',
  label: 'CM-RASHEL',
  timestamp: '2023-06-09T09:22:27.874Z'
}
{
  message: 'database successfully connected here',
  level: 'info',
  label: 'CM-RASHEL',
  timestamp: '2023-06-09T09:29:12.601Z'
}
{
  message: 'Example app listening on port 5000',
  level: 'info',
  label: 'CM-RASHEL',
  timestamp: '2023-06-09T09:29:12.640Z'
}
{
  message: 'database successfully connected here',
  level: 'info',
  label: 'CM-RASHEL',
  timestamp: '2023-06-09T09:29:40.762Z'
}
{
  message: 'Example app listening on port 5000',
  level: 'info',
  label: 'CM-RASHEL',
  timestamp: '2023-06-09T09:29:40.797Z'
}
{
  message: 'database successfully connected here',
  level: 'info',
  label: 'CM-RASHEL',
  timestamp: '2023-06-09T09:37:32.121Z'
}
{
  message: 'Example app listening on port 5000',
  level: 'info',
  label: 'CM-RASHEL',
  timestamp: '2023-06-09T09:37:32.163Z'
}
{
  message: 'database successfully connected here',
  level: 'info',
  label: 'CM-RASHEL',
  timestamp: '2023-06-09T09:56:07.441Z'
}
{
  message: 'Example app listening on port 5000',
  level: 'info',
  label: 'CM-RASHEL',
  timestamp: '2023-06-09T09:56:07.467Z'
}
{
  message: 'database successfully connected here',
  level: 'info',
  label: 'CM-RASHEL',
  timestamp: '2023-06-09T09:57:21.546Z'
}
{
  message: 'Example app listening on port 5000',
  level: 'info',
  label: 'CM-RASHEL',
  timestamp: '2023-06-09T09:57:21.568Z'
}
{
  message: 'database successfully connected here',
  level: 'info',
  label: 'CM-RASHEL',
  timestamp: '2023-06-09T09:58:07.309Z'
}
{
  message: 'Example app listening on port 5000',
  level: 'info',
  label: 'CM-RASHEL',
  timestamp: '2023-06-09T09:58:07.342Z'
}
{
  message: 'database successfully connected here',
  level: 'info',
  label: 'CM-RASHEL',
  timestamp: '2023-06-09T09:58:25.125Z'
}
{
  message: 'Example app listening on port 5000',
  level: 'info',
  label: 'CM-RASHEL',
  timestamp: '2023-06-09T09:58:25.139Z'
}
